[2025-01-05 09:57:08] Action: perform_search
[2025-01-05 09:57:08] Data.Folder: /Users/michael/Software/quick-edits/website
[2025-01-05 09:57:08] Data.Classes: col-span-12 col-start-2 pb-8 text-center font-bold font-heading text-4xl
[2025-01-05 09:57:08] Data.TextContent: This is how it works
[2025-01-05 09:57:08] Data.BrowserURL: https://quick-edits-extension.vercel.app/
[2025-01-05 09:57:08] Data.CharNumber: 0
[2025-01-05 09:57:08] Data.Path: 
[2025-01-05 09:57:08] {"id":"p824i","action":"perform_search","data":{"folder":"/Users/michael/Software/quick-edits/website","classes":"col-span-12 col-start-2 pb-8 text-center font-bold font-heading text-4xl","textContent":"This is how it works","browserUrl":"https://quick-edits-extension.vercel.app/"}}

[2025-01-05 09:57:08] Action: perform_search
[2025-01-05 09:57:08] Data.Folder: /Users/michael/Software/quick-edits/website
[2025-01-05 09:57:08] Data.Classes: col-span-12 col-start-2 pb-8 text-center font-bold font-heading text-4xl
[2025-01-05 09:57:08] Data.TextContent: This is how it works
[2025-01-05 09:57:08] Data.BrowserURL: https://quick-edits-extension.vercel.app/
[2025-01-05 09:57:08] Data.CharNumber: 0
[2025-01-05 09:57:08] Data.Path: 
[2025-01-05 09:57:08] {"id":"m4ubz5","action":"perform_search","data":{"folder":"/Users/michael/Software/quick-edits/website","classes":"col-span-12 col-start-2 pb-8 text-center font-bold font-heading text-4xl","textContent":"This is how it works","browserUrl":"https://quick-edits-extension.vercel.app/"}}

[2025-01-05 09:57:09] Action: perform_search
[2025-01-05 09:57:09] Data.Folder: /Users/michael/Software/quick-edits/website
[2025-01-05 09:57:09] Data.Classes: relative col-span-full gap-4 py-12 container mx-auto px-4 sm:px-6 lg:px-8 grid grid-cols-full
[2025-01-05 09:57:09] Data.TextContent: This is how it worksFind the right elementPress option or alt key and hover over the elements on your website of choice.Pick the right classTest your TailwindCSS classes in record speed.Find the matching code locationClick one of the direct code links. And you'll see the exact code location in your favorite editor.
[2025-01-05 09:57:10] Data.BrowserURL: https://quick-edits-extension.vercel.app/
[2025-01-05 09:57:10] Data.CharNumber: 0
[2025-01-05 09:57:10] Data.Path: 
[2025-01-05 09:57:10] {"id":"8h1h3","action":"perform_search","data":{"folder":"/Users/michael/Software/quick-edits/website","classes":"relative col-span-full gap-4 py-12 container mx-auto px-4 sm:px-6 lg:px-8 grid grid-cols-full","textContent":"This is how it worksFind the right elementPress option or alt key and hover over the elements on your website of choice.Pick the right classTest your TailwindCSS classes in record speed.Find the matching code locationClick one of the direct code links. And you'll see the exact code location in your favorite editor.","browserUrl":"https://quick-edits-extension.vercel.app/"}}

[2025-01-05 09:57:17] Action: perform_search
[2025-01-05 09:57:17] Data.Folder: /Users/michael/Software/quick-edits/website
[2025-01-05 09:57:17] Data.Classes: relative col-span-full gap-4 py-12 container mx-auto px-4 sm:px-6 lg:px-8 grid grid-cols-full
[2025-01-05 09:57:17] Data.TextContent: This is how it worksFind the right elementPress option or alt key and hover over the elements on your website of choice.Pick the right classTest your TailwindCSS classes in record speed.Find the matching code locationClick one of the direct code links. And you'll see the exact code location in your favorite editor.
[2025-01-05 09:57:17] Data.BrowserURL: https://quick-edits-extension.vercel.app/
[2025-01-05 09:57:17] Data.CharNumber: 0
[2025-01-05 09:57:17] Data.Path: 
[2025-01-05 09:57:17] {"id":"tt1shr","action":"perform_search","data":{"folder":"/Users/michael/Software/quick-edits/website","classes":"relative col-span-full gap-4 py-12 container mx-auto px-4 sm:px-6 lg:px-8 grid grid-cols-full","textContent":"This is how it worksFind the right elementPress option or alt key and hover over the elements on your website of choice.Pick the right classTest your TailwindCSS classes in record speed.Find the matching code locationClick one of the direct code links. And you'll see the exact code location in your favorite editor.","browserUrl":"https://quick-edits-extension.vercel.app/"}}

[2025-01-05 09:57:17] Action: perform_search
[2025-01-05 09:57:17] Data.Folder: /Users/michael/Software/quick-edits/website
[2025-01-05 09:57:17] Data.Classes: w-full
[2025-01-05 09:57:17] Data.TextContent: 
[2025-01-05 09:57:17] Data.BrowserURL: https://quick-edits-extension.vercel.app/
[2025-01-05 09:57:17] Data.CharNumber: 0
[2025-01-05 09:57:17] Data.Path: 
[2025-01-05 09:57:17] {"id":"zzaya","action":"perform_search","data":{"folder":"/Users/michael/Software/quick-edits/website","classes":"w-full","textContent":"","browserUrl":"https://quick-edits-extension.vercel.app/"}}

[2025-01-05 09:57:17] Action: perform_search
[2025-01-05 09:57:17] Data.Folder: /Users/michael/Software/quick-edits/website
[2025-01-05 09:57:17] Data.Classes: relative col-span-full gap-4 py-12 container mx-auto px-4 sm:px-6 lg:px-8 grid grid-cols-full
[2025-01-05 09:57:17] Data.TextContent: This is how it worksFind the right elementPress option or alt key and hover over the elements on your website of choice.Pick the right classTest your TailwindCSS classes in record speed.Find the matching code locationClick one of the direct code links. And you'll see the exact code location in your favorite editor.
[2025-01-05 09:57:17] Data.BrowserURL: https://quick-edits-extension.vercel.app/
[2025-01-05 09:57:17] Data.CharNumber: 0
[2025-01-05 09:57:17] Data.Path: 
[2025-01-05 09:57:17] {"id":"vbu5d","action":"perform_search","data":{"folder":"/Users/michael/Software/quick-edits/website","classes":"relative col-span-full gap-4 py-12 container mx-auto px-4 sm:px-6 lg:px-8 grid grid-cols-full","textContent":"This is how it worksFind the right elementPress option or alt key and hover over the elements on your website of choice.Pick the right classTest your TailwindCSS classes in record speed.Find the matching code locationClick one of the direct code links. And you'll see the exact code location in your favorite editor.","browserUrl":"https://quick-edits-extension.vercel.app/"}}

[2025-01-05 09:57:17] Action: perform_search
[2025-01-05 09:57:17] Data.Folder: /Users/michael/Software/quick-edits/website
[2025-01-05 09:57:17] Data.Classes: col-span-12 col-start-2 pb-8 text-center font-bold font-heading text-4xl
[2025-01-05 09:57:17] Data.TextContent: This is how it works
[2025-01-05 09:57:17] Data.BrowserURL: https://quick-edits-extension.vercel.app/
[2025-01-05 09:57:18] Data.CharNumber: 0
[2025-01-05 09:57:18] Data.Path: 
[2025-01-05 09:57:18] {"id":"q76fk","action":"perform_search","data":{"folder":"/Users/michael/Software/quick-edits/website","classes":"col-span-12 col-start-2 pb-8 text-center font-bold font-heading text-4xl","textContent":"This is how it works","browserUrl":"https://quick-edits-extension.vercel.app/"}}

[2025-01-05 10:23:23] Action: perform_search
[2025-01-05 10:23:23] Data.Folder: /Users/michael/Software/quick-edits/website
[2025-01-05 10:23:23] Data.Classes: text-center pb-14
[2025-01-05 10:23:23] Data.TextContent: Quick Edits currently supports VSCode, PHPStorm, Cursor and Zed.
[2025-01-05 10:23:23] Data.BrowserURL: https://quick-edits-extension.vercel.app/
[2025-01-05 10:23:23] Data.CharNumber: 0
[2025-01-05 10:23:23] Data.Path: 
[2025-01-05 10:23:23] {"id":"7rgq3g","action":"perform_search","data":{"folder":"/Users/michael/Software/quick-edits/website","classes":"text-center pb-14","textContent":"Quick Edits currently supports VSCode, PHPStorm, Cursor and Zed.","browserUrl":"https://quick-edits-extension.vercel.app/"}}

[2025-01-05 10:23:23] Action: perform_search
[2025-01-05 10:23:23] Data.Folder: /Users/michael/Software/quick-edits/website
[2025-01-05 10:23:23] Data.Classes: text-center pb-14
[2025-01-05 10:23:23] Data.TextContent: Quick Edits currently supports VSCode, PHPStorm, Cursor and Zed.
[2025-01-05 10:23:23] Data.BrowserURL: https://quick-edits-extension.vercel.app/
[2025-01-05 10:23:23] Data.CharNumber: 0
[2025-01-05 10:23:23] Data.Path: 
[2025-01-05 10:23:23] {"id":"ggs80t","action":"perform_search","data":{"folder":"/Users/michael/Software/quick-edits/website","classes":"text-center pb-14","textContent":"Quick Edits currently supports VSCode, PHPStorm, Cursor and Zed.","browserUrl":"https://quick-edits-extension.vercel.app/"}}

[2025-01-05 10:23:23] Action: perform_search
[2025-01-05 10:23:23] Data.Folder: /Users/michael/Software/quick-edits/website
[2025-01-05 10:23:23] Data.Classes: flex justify-center gap-8 pb-24
[2025-01-05 10:23:23] Data.TextContent: 
[2025-01-05 10:23:23] Data.BrowserURL: https://quick-edits-extension.vercel.app/
[2025-01-05 10:23:23] Data.CharNumber: 0
[2025-01-05 10:23:23] Data.Path: 
[2025-01-05 10:23:23] {"id":"f5s3k","action":"perform_search","data":{"folder":"/Users/michael/Software/quick-edits/website","classes":"flex justify-center gap-8 pb-24","textContent":"","browserUrl":"https://quick-edits-extension.vercel.app/"}}

[2025-01-05 10:23:23] Action: perform_search
[2025-01-05 10:23:23] Data.Folder: /Users/michael/Software/quick-edits/website
[2025-01-05 10:23:23] Data.Classes: 
[2025-01-05 10:23:23] Data.TextContent: 
[2025-01-05 10:23:23] Data.BrowserURL: https://quick-edits-extension.vercel.app/
[2025-01-05 10:23:23] Data.CharNumber: 0
[2025-01-05 10:23:23] Data.Path: 
[2025-01-05 10:23:23] {"id":"98qkp","action":"perform_search","data":{"folder":"/Users/michael/Software/quick-edits/website","classes":"","textContent":"","browserUrl":"https://quick-edits-extension.vercel.app/"}}

[2025-01-05 10:23:23] Action: perform_search
[2025-01-05 10:23:23] Data.Folder: /Users/michael/Software/quick-edits/website
[2025-01-05 10:23:23] Data.Classes: text-center pb-14
[2025-01-05 10:23:23] Data.TextContent: Quick Edits currently supports VSCode, PHPStorm, Cursor and Zed.
[2025-01-05 10:23:23] Data.BrowserURL: https://quick-edits-extension.vercel.app/
[2025-01-05 10:23:23] Data.CharNumber: 0
[2025-01-05 10:23:23] Data.Path: 
[2025-01-05 10:23:23] {"id":"nx4cym","action":"perform_search","data":{"folder":"/Users/michael/Software/quick-edits/website","classes":"text-center pb-14","textContent":"Quick Edits currently supports VSCode, PHPStorm, Cursor and Zed.","browserUrl":"https://quick-edits-extension.vercel.app/"}}

[2025-01-05 10:23:23] Action: perform_search
[2025-01-05 10:23:24] Data.Folder: /Users/michael/Software/quick-edits/website
[2025-01-05 10:23:24] Data.Classes: pb-8 text-center font-bold font-heading text-4xl
[2025-01-05 10:23:24] Data.TextContent: Integrates with your favorite editor
[2025-01-05 10:23:24] Data.BrowserURL: https://quick-edits-extension.vercel.app/
[2025-01-05 10:23:24] Data.CharNumber: 0
[2025-01-05 10:23:24] Data.Path: 
[2025-01-05 10:23:24] {"id":"l3dwmw","action":"perform_search","data":{"folder":"/Users/michael/Software/quick-edits/website","classes":"pb-8 text-center font-bold font-heading text-4xl","textContent":"Integrates with your favorite editor","browserUrl":"https://quick-edits-extension.vercel.app/"}}

[2025-01-05 10:23:24] Action: perform_search
[2025-01-05 10:23:24] Data.Folder: /Users/michael/Software/quick-edits/website
[2025-01-05 10:23:24] Data.Classes: relative col-span-full gap-4 py-12 container mx-auto px-4 sm:px-6 lg:px-8 grid grid-cols-full
[2025-01-05 10:23:24] Data.TextContent: This is how it worksFind the right elementPress option or alt key and hover over the elements on your website of choice.Pick the right classTest your TailwindCSS classes in record speed.Find the matching code locationClick one of the direct code links. And you'll see the exact code location in your favorite editor.
[2025-01-05 10:23:24] Data.BrowserURL: https://quick-edits-extension.vercel.app/
[2025-01-05 10:23:24] Data.CharNumber: 0
[2025-01-05 10:23:24] Data.Path: 
[2025-01-05 10:23:24] {"id":"i3aro","action":"perform_search","data":{"folder":"/Users/michael/Software/quick-edits/website","classes":"relative col-span-full gap-4 py-12 container mx-auto px-4 sm:px-6 lg:px-8 grid grid-cols-full","textContent":"This is how it worksFind the right elementPress option or alt key and hover over the elements on your website of choice.Pick the right classTest your TailwindCSS classes in record speed.Find the matching code locationClick one of the direct code links. And you'll see the exact code location in your favorite editor.","browserUrl":"https://quick-edits-extension.vercel.app/"}}

[2025-01-05 10:23:25] Action: perform_search
[2025-01-05 10:23:25] Data.Folder: /Users/michael/Software/quick-edits/website
[2025-01-05 10:23:25] Data.Classes: col-span-full pb-8 text-center md:col-span-8 md:col-start-4
[2025-01-05 10:23:25] Data.TextContent: Find the matching code locationClick one of the direct code links. And you'll see the exact code location in your favorite editor.
[2025-01-05 10:23:25] Data.BrowserURL: https://quick-edits-extension.vercel.app/
[2025-01-05 10:23:25] Data.CharNumber: 0
[2025-01-05 10:23:25] Data.Path: 
[2025-01-05 10:23:25] {"id":"tz7cus","action":"perform_search","data":{"folder":"/Users/michael/Software/quick-edits/website","classes":"col-span-full pb-8 text-center md:col-span-8 md:col-start-4","textContent":"Find the matching code locationClick one of the direct code links. And you'll see the exact code location in your favorite editor.","browserUrl":"https://quick-edits-extension.vercel.app/"}}

[2025-01-05 10:23:25] Action: perform_search
[2025-01-05 10:23:25] Data.Folder: /Users/michael/Software/quick-edits/website
[2025-01-05 10:23:25] Data.Classes: pb-2 rotate-10
[2025-01-05 10:23:25] Data.TextContent: Click one of the direct code links. And you'll see the exact code location in your favorite editor.
[2025-01-05 10:23:25] Data.BrowserURL: https://quick-edits-extension.vercel.app/
[2025-01-05 10:23:25] Data.CharNumber: 0
[2025-01-05 10:23:25] Data.Path: 
[2025-01-05 10:23:25] {"id":"ddkyq8","action":"perform_search","data":{"folder":"/Users/michael/Software/quick-edits/website","classes":"pb-2 rotate-10","textContent":"Click one of the direct code links. And you'll see the exact code location in your favorite editor.","browserUrl":"https://quick-edits-extension.vercel.app/"}}

[2025-01-05 10:23:25] Action: perform_search
[2025-01-05 10:23:25] Data.Folder: /Users/michael/Software/quick-edits/website
[2025-01-05 10:23:25] Data.Classes: col-span-full pb-8 text-center md:col-span-8 md:col-start-4
[2025-01-05 10:23:25] Data.TextContent: Find the matching code locationClick one of the direct code links. And you'll see the exact code location in your favorite editor.
[2025-01-05 10:23:25] Data.BrowserURL: https://quick-edits-extension.vercel.app/
[2025-01-05 10:23:25] Data.CharNumber: 0
[2025-01-05 10:23:25] Data.Path: 
[2025-01-05 10:23:25] {"id":"iyvr","action":"perform_search","data":{"folder":"/Users/michael/Software/quick-edits/website","classes":"col-span-full pb-8 text-center md:col-span-8 md:col-start-4","textContent":"Find the matching code locationClick one of the direct code links. And you'll see the exact code location in your favorite editor.","browserUrl":"https://quick-edits-extension.vercel.app/"}}

[2025-01-05 10:23:25] Action: perform_search
[2025-01-05 10:23:25] Data.Folder: /Users/michael/Software/quick-edits/website
[2025-01-05 10:23:25] Data.Classes: mb-2 font-medium font-heading text-xl
[2025-01-05 10:23:25] Data.TextContent: Find the matching code location
[2025-01-05 10:23:25] Data.BrowserURL: https://quick-edits-extension.vercel.app/
[2025-01-05 10:23:25] Data.CharNumber: 0
[2025-01-05 10:23:25] Data.Path: 
[2025-01-05 10:23:25] {"id":"6u6mxe","action":"perform_search","data":{"folder":"/Users/michael/Software/quick-edits/website","classes":"mb-2 font-medium font-heading text-xl","textContent":"Find the matching code location","browserUrl":"https://quick-edits-extension.vercel.app/"}}

[2025-01-05 10:23:25] Action: perform_search
[2025-01-05 10:23:25] Data.Folder: /Users/michael/Software/quick-edits/website
[2025-01-05 10:23:25] Data.Classes: col-span-full pb-8 text-center md:col-span-8 md:col-start-4
[2025-01-05 10:23:25] Data.TextContent: Find the matching code locationClick one of the direct code links. And you'll see the exact code location in your favorite editor.
[2025-01-05 10:23:25] Data.BrowserURL: https://quick-edits-extension.vercel.app/
[2025-01-05 10:23:26] Data.CharNumber: 0
[2025-01-05 10:23:26] Data.Path: 
[2025-01-05 10:23:26] {"id":"c1cpjv","action":"perform_search","data":{"folder":"/Users/michael/Software/quick-edits/website","classes":"col-span-full pb-8 text-center md:col-span-8 md:col-start-4","textContent":"Find the matching code locationClick one of the direct code links. And you'll see the exact code location in your favorite editor.","browserUrl":"https://quick-edits-extension.vercel.app/"}}

[2025-01-05 10:23:26] Action: perform_search
[2025-01-05 10:23:26] Data.Folder: /Users/michael/Software/quick-edits/website
[2025-01-05 10:23:26] Data.Classes: flex items-center justify-between mx-auto border-x px-4
[2025-01-05 10:23:26] Data.TextContent: RoadmapGet Startednavigation.skillsnavigation.projectsnavigation.contactnavigation.blogOpen Menu
[2025-01-05 10:23:26] Data.BrowserURL: https://quick-edits-extension.vercel.app/
[2025-01-05 10:23:26] Data.CharNumber: 0
[2025-01-05 10:23:26] Data.Path: 
[2025-01-05 10:23:26] {"id":"xfbjbg","action":"perform_search","data":{"folder":"/Users/michael/Software/quick-edits/website","classes":"flex items-center justify-between mx-auto border-x px-4","textContent":"RoadmapGet Startednavigation.skillsnavigation.projectsnavigation.contactnavigation.blogOpen Menu","browserUrl":"https://quick-edits-extension.vercel.app/"}}

[2025-01-05 10:23:26] Action: perform_search
[2025-01-05 10:23:26] Data.Folder: /Users/michael/Software/quick-edits/website
[2025-01-05 10:23:26] Data.Classes: px-4 py-3 text-gray-900 hover:text-gray-900 border-b-2 border-b-transparent hover:border-b-blue-200
[2025-01-05 10:23:26] Data.TextContent: Roadmap
[2025-01-05 10:23:26] Data.BrowserURL: https://quick-edits-extension.vercel.app/
[2025-01-05 10:23:26] Data.CharNumber: 0
[2025-01-05 10:23:26] Data.Path: 
[2025-01-05 10:23:26] {"id":"4o7lr","action":"perform_search","data":{"folder":"/Users/michael/Software/quick-edits/website","classes":"px-4 py-3 text-gray-900 hover:text-gray-900 border-b-2 border-b-transparent hover:border-b-blue-200","textContent":"Roadmap","browserUrl":"https://quick-edits-extension.vercel.app/"}}

[2025-01-05 10:23:26] Action: perform_search
[2025-01-05 10:23:26] Data.Folder: /Users/michael/Software/quick-edits/website
[2025-01-05 10:23:26] Data.Classes: flex items-center justify-between mx-auto border-x px-4
[2025-01-05 10:23:26] Data.TextContent: RoadmapGet Startednavigation.skillsnavigation.projectsnavigation.contactnavigation.blogOpen Menu
[2025-01-05 10:23:26] Data.BrowserURL: https://quick-edits-extension.vercel.app/
[2025-01-05 10:23:26] Data.CharNumber: 0
[2025-01-05 10:23:26] Data.Path: 
[2025-01-05 10:23:26] {"id":"rw0asy","action":"perform_search","data":{"folder":"/Users/michael/Software/quick-edits/website","classes":"flex items-center justify-between mx-auto border-x px-4","textContent":"RoadmapGet Startednavigation.skillsnavigation.projectsnavigation.contactnavigation.blogOpen Menu","browserUrl":"https://quick-edits-extension.vercel.app/"}}

[2025-01-05 10:23:27] Action: perform_search
[2025-01-05 10:23:27] Data.Folder: /Users/michael/Software/quick-edits/website
[2025-01-05 10:23:27] Data.Classes: px-4 py-3 text-gray-900 hover:text-gray-900 text-white hover:text-white h-10 items-center justify-center gap-2 rounded-full bg-blue-500 px-8 font-medium text-gray-50 text-sm shadow transition-colors hover:bg-blue-600 focus-visible:outline-none focus-visible:ring-2 focus-visible:ring-gray-950 disabled:pointer-events-none disabled:opacity-50 border-b-2 border-b-transparent hover:border-b-blue-200
[2025-01-05 10:23:27] Data.TextContent: Get Started
[2025-01-05 10:23:27] Data.BrowserURL: https://quick-edits-extension.vercel.app/
[2025-01-05 10:23:27] Data.CharNumber: 0
[2025-01-05 10:23:27] Data.Path: 
[2025-01-05 10:23:27] {"id":"zl933x","action":"perform_search","data":{"folder":"/Users/michael/Software/quick-edits/website","classes":"px-4 py-3 text-gray-900 hover:text-gray-900 text-white hover:text-white h-10 items-center justify-center gap-2 rounded-full bg-blue-500 px-8 font-medium text-gray-50 text-sm shadow transition-colors hover:bg-blue-600 focus-visible:outline-none focus-visible:ring-2 focus-visible:ring-gray-950 disabled:pointer-events-none disabled:opacity-50 border-b-2 border-b-transparent hover:border-b-blue-200","textContent":"Get Started","browserUrl":"https://quick-edits-extension.vercel.app/"}}

[2025-01-05 10:23:27] Action: perform_search
[2025-01-05 10:23:27] Data.Folder: /Users/michael/Software/quick-edits/website
[2025-01-05 10:23:27] Data.Classes: px-4 py-3 text-gray-900 hover:text-gray-900 border-b-2 border-b-transparent hover:border-b-blue-200
[2025-01-05 10:23:28] Data.TextContent: Roadmap
[2025-01-05 10:23:28] Data.BrowserURL: https://quick-edits-extension.vercel.app/
[2025-01-05 10:23:28] Data.CharNumber: 0
[2025-01-05 10:23:28] Data.Path: 
[2025-01-05 10:23:28] {"id":"p7gamq","action":"perform_search","data":{"folder":"/Users/michael/Software/quick-edits/website","classes":"px-4 py-3 text-gray-900 hover:text-gray-900 border-b-2 border-b-transparent hover:border-b-blue-200","textContent":"Roadmap","browserUrl":"https://quick-edits-extension.vercel.app/"}}

[2025-01-05 10:23:28] Action: perform_search
[2025-01-05 10:23:28] Data.Folder: /Users/michael/Software/quick-edits/website
[2025-01-05 10:23:28] Data.Classes: flex items-center justify-between mx-auto border-x px-4
[2025-01-05 10:23:28] Data.TextContent: RoadmapGet Startednavigation.skillsnavigation.projectsnavigation.contactnavigation.blogOpen Menu
[2025-01-05 10:23:28] Data.BrowserURL: https://quick-edits-extension.vercel.app/
[2025-01-05 10:23:28] Data.CharNumber: 0
[2025-01-05 10:23:28] Data.Path: 
[2025-01-05 10:23:28] {"id":"0g36bl","action":"perform_search","data":{"folder":"/Users/michael/Software/quick-edits/website","classes":"flex items-center justify-between mx-auto border-x px-4","textContent":"RoadmapGet Startednavigation.skillsnavigation.projectsnavigation.contactnavigation.blogOpen Menu","browserUrl":"https://quick-edits-extension.vercel.app/"}}

[2025-01-05 10:23:28] Action: perform_search
[2025-01-05 10:23:28] Data.Folder: /Users/michael/Software/quick-edits/website
[2025-01-05 10:23:28] Data.Classes: relative col-span-full gap-4 py-12 container mx-auto px-4 sm:px-6 lg:px-8 grid grid-cols-full
[2025-01-05 10:23:28] Data.TextContent: This is how it worksFind the right elementPress option or alt key and hover over the elements on your website of choice.Pick the right classTest your TailwindCSS classes in record speed.Find the matching code locationClick one of the direct code links. And you'll see the exact code location in your favorite editor.
[2025-01-05 10:23:28] Data.BrowserURL: https://quick-edits-extension.vercel.app/
[2025-01-05 10:23:28] Data.CharNumber: 0
[2025-01-05 10:23:28] Data.Path: 
[2025-01-05 10:23:28] {"id":"wgcbcw","action":"perform_search","data":{"folder":"/Users/michael/Software/quick-edits/website","classes":"relative col-span-full gap-4 py-12 container mx-auto px-4 sm:px-6 lg:px-8 grid grid-cols-full","textContent":"This is how it worksFind the right elementPress option or alt key and hover over the elements on your website of choice.Pick the right classTest your TailwindCSS classes in record speed.Find the matching code locationClick one of the direct code links. And you'll see the exact code location in your favorite editor.","browserUrl":"https://quick-edits-extension.vercel.app/"}}

[2025-01-05 10:23:28] Action: perform_search
[2025-01-05 10:23:28] Data.Folder: /Users/michael/Software/quick-edits/website
[2025-01-05 10:23:28] Data.Classes: mb-2 font-medium font-heading text-xl
[2025-01-05 10:23:28] Data.TextContent: Find the matching code location
[2025-01-05 10:23:28] Data.BrowserURL: https://quick-edits-extension.vercel.app/
[2025-01-05 10:23:28] Data.CharNumber: 0
[2025-01-05 10:23:28] Data.Path: 
[2025-01-05 10:23:28] {"id":"uj2vwl","action":"perform_search","data":{"folder":"/Users/michael/Software/quick-edits/website","classes":"mb-2 font-medium font-heading text-xl","textContent":"Find the matching code location","browserUrl":"https://quick-edits-extension.vercel.app/"}}

[2025-01-05 10:23:29] Action: perform_search
[2025-01-05 10:23:29] Data.Folder: /Users/michael/Software/quick-edits/website
[2025-01-05 10:23:29] Data.Classes: col-span-full pb-8 text-center md:col-span-8 md:col-start-4
[2025-01-05 10:23:29] Data.TextContent: Find the matching code locationClick one of the direct code links. And you'll see the exact code location in your favorite editor.
[2025-01-05 10:23:29] Data.BrowserURL: https://quick-edits-extension.vercel.app/
[2025-01-05 10:23:29] Data.CharNumber: 0
[2025-01-05 10:23:29] Data.Path: 
[2025-01-05 10:23:29] {"id":"fjv79c","action":"perform_search","data":{"folder":"/Users/michael/Software/quick-edits/website","classes":"col-span-full pb-8 text-center md:col-span-8 md:col-start-4","textContent":"Find the matching code locationClick one of the direct code links. And you'll see the exact code location in your favorite editor.","browserUrl":"https://quick-edits-extension.vercel.app/"}}

[2025-01-05 10:23:29] Action: perform_search
[2025-01-05 10:23:29] Data.Folder: /Users/michael/Software/quick-edits/website
[2025-01-05 10:23:29] Data.Classes: pb-2 rotate-10
[2025-01-05 10:23:29] Data.TextContent: Click one of the direct code links. And you'll see the exact code location in your favorite editor.
[2025-01-05 10:23:29] Data.BrowserURL: https://quick-edits-extension.vercel.app/
[2025-01-05 10:23:29] Data.CharNumber: 0
[2025-01-05 10:23:29] Data.Path: 
[2025-01-05 10:23:29] {"id":"f0qfe","action":"perform_search","data":{"folder":"/Users/michael/Software/quick-edits/website","classes":"pb-2 rotate-10","textContent":"Click one of the direct code links. And you'll see the exact code location in your favorite editor.","browserUrl":"https://quick-edits-extension.vercel.app/"}}

[2025-01-05 10:23:30] Action: perform_search
[2025-01-05 10:23:30] Data.Folder: /Users/michael/Software/quick-edits/website
[2025-01-05 10:23:30] Data.Classes: col-span-full pb-8 text-center md:col-span-8 md:col-start-4
[2025-01-05 10:23:30] Data.TextContent: Find the matching code locationClick one of the direct code links. And you'll see the exact code location in your favorite editor.
[2025-01-05 10:23:30] Data.BrowserURL: https://quick-edits-extension.vercel.app/
[2025-01-05 10:23:30] Data.CharNumber: 0
[2025-01-05 10:23:30] Data.Path: 
[2025-01-05 10:23:30] {"id":"a8yvy","action":"perform_search","data":{"folder":"/Users/michael/Software/quick-edits/website","classes":"col-span-full pb-8 text-center md:col-span-8 md:col-start-4","textContent":"Find the matching code locationClick one of the direct code links. And you'll see the exact code location in your favorite editor.","browserUrl":"https://quick-edits-extension.vercel.app/"}}

[2025-01-05 10:23:31] Action: perform_search
[2025-01-05 10:23:31] Data.Folder: /Users/michael/Software/quick-edits/website
[2025-01-05 10:23:31] Data.Classes: relative col-span-full gap-4 py-12 container mx-auto px-4 sm:px-6 lg:px-8 grid grid-cols-full
[2025-01-05 10:23:31] Data.TextContent: This is how it worksFind the right elementPress option or alt key and hover over the elements on your website of choice.Pick the right classTest your TailwindCSS classes in record speed.Find the matching code locationClick one of the direct code links. And you'll see the exact code location in your favorite editor.
[2025-01-05 10:23:31] Data.BrowserURL: https://quick-edits-extension.vercel.app/
[2025-01-05 10:23:31] Data.CharNumber: 0
[2025-01-05 10:23:31] Data.Path: 
[2025-01-05 10:23:31] {"id":"0jewah","action":"perform_search","data":{"folder":"/Users/michael/Software/quick-edits/website","classes":"relative col-span-full gap-4 py-12 container mx-auto px-4 sm:px-6 lg:px-8 grid grid-cols-full","textContent":"This is how it worksFind the right elementPress option or alt key and hover over the elements on your website of choice.Pick the right classTest your TailwindCSS classes in record speed.Find the matching code locationClick one of the direct code links. And you'll see the exact code location in your favorite editor.","browserUrl":"https://quick-edits-extension.vercel.app/"}}

[2025-01-05 10:23:31] Action: perform_search
[2025-01-05 10:23:31] Data.Folder: /Users/michael/Software/quick-edits/website
[2025-01-05 10:23:31] Data.Classes: pb-8 text-center font-bold font-heading text-4xl
[2025-01-05 10:23:31] Data.TextContent: Integrates with your favorite editor
[2025-01-05 10:23:31] Data.BrowserURL: https://quick-edits-extension.vercel.app/
[2025-01-05 10:23:31] Data.CharNumber: 0
[2025-01-05 10:23:31] Data.Path: 
[2025-01-05 10:23:31] {"id":"21j97","action":"perform_search","data":{"folder":"/Users/michael/Software/quick-edits/website","classes":"pb-8 text-center font-bold font-heading text-4xl","textContent":"Integrates with your favorite editor","browserUrl":"https://quick-edits-extension.vercel.app/"}}

[2025-01-05 10:23:31] Action: perform_search
[2025-01-05 10:23:31] Data.Folder: /Users/michael/Software/quick-edits/website
[2025-01-05 10:23:31] Data.Classes: text-center pb-14
[2025-01-05 10:23:31] Data.TextContent: Quick Edits currently supports VSCode, PHPStorm, Cursor and Zed.
[2025-01-05 10:23:31] Data.BrowserURL: https://quick-edits-extension.vercel.app/
[2025-01-05 10:23:31] Data.CharNumber: 0
[2025-01-05 10:23:31] Data.Path: 
[2025-01-05 10:23:32] {"id":"3nx6on","action":"perform_search","data":{"folder":"/Users/michael/Software/quick-edits/website","classes":"text-center pb-14","textContent":"Quick Edits currently supports VSCode, PHPStorm, Cursor and Zed.","browserUrl":"https://quick-edits-extension.vercel.app/"}}

[2025-01-05 10:23:32] Action: perform_search
[2025-01-05 10:23:32] Data.Folder: /Users/michael/Software/quick-edits/website
[2025-01-05 10:23:32] Data.Classes: flex justify-center gap-8 pb-24
[2025-01-05 10:23:32] Data.TextContent: 
[2025-01-05 10:23:32] Data.BrowserURL: https://quick-edits-extension.vercel.app/
[2025-01-05 10:23:32] Data.CharNumber: 0
[2025-01-05 10:23:32] Data.Path: 
[2025-01-05 10:23:32] {"id":"iq270b","action":"perform_search","data":{"folder":"/Users/michael/Software/quick-edits/website","classes":"flex justify-center gap-8 pb-24","textContent":"","browserUrl":"https://quick-edits-extension.vercel.app/"}}

[2025-01-05 10:23:34] Action: perform_search
[2025-01-05 10:23:34] Data.Folder: /Users/michael/Software/quick-edits/website
[2025-01-05 10:23:34] Data.Classes: container mx-auto px-4 sm:px-6 lg:px-8
[2025-01-05 10:23:34] Data.TextContent: Try it yourselfQuick Edits is still in its early stages but I'm sure you'll find it useful.Get Started
[2025-01-05 10:23:34] Data.BrowserURL: https://quick-edits-extension.vercel.app/
[2025-01-05 10:23:34] Data.CharNumber: 0
[2025-01-05 10:23:34] Data.Path: 
[2025-01-05 10:23:34] {"id":"2ic5eb","action":"perform_search","data":{"folder":"/Users/michael/Software/quick-edits/website","classes":"container mx-auto px-4 sm:px-6 lg:px-8","textContent":"Try it yourselfQuick Edits is still in its early stages but I'm sure you'll find it useful.Get Started","browserUrl":"https://quick-edits-extension.vercel.app/"}}

[2025-01-05 10:23:34] Action: perform_search
[2025-01-05 10:23:34] Data.Folder: /Users/michael/Software/quick-edits/website
[2025-01-05 10:23:34] Data.Classes: w-full py-12 md:py-24 lg:py-32
[2025-01-05 10:23:34] Data.TextContent: Try it yourselfQuick Edits is still in its early stages but I'm sure you'll find it useful.Get Started
[2025-01-05 10:23:34] Data.BrowserURL: https://quick-edits-extension.vercel.app/
[2025-01-05 10:23:34] Data.CharNumber: 0
[2025-01-05 10:23:34] Data.Path: 
[2025-01-05 10:23:34] {"id":"08czak","action":"perform_search","data":{"folder":"/Users/michael/Software/quick-edits/website","classes":"w-full py-12 md:py-24 lg:py-32","textContent":"Try it yourselfQuick Edits is still in its early stages but I'm sure you'll find it useful.Get Started","browserUrl":"https://quick-edits-extension.vercel.app/"}}

[2025-01-05 10:23:34] Action: perform_search
[2025-01-05 10:23:34] Data.Folder: /Users/michael/Software/quick-edits/website
[2025-01-05 10:23:34] Data.Classes: text-3xl font-medium font-heading tracking-tight md:text-4xl/tight
[2025-01-05 10:23:34] Data.TextContent: Try it yourself
[2025-01-05 10:23:34] Data.BrowserURL: https://quick-edits-extension.vercel.app/
[2025-01-05 10:23:34] Data.CharNumber: 0
[2025-01-05 10:23:34] Data.Path: 
[2025-01-05 10:23:34] {"id":"rk8kbn","action":"perform_search","data":{"folder":"/Users/michael/Software/quick-edits/website","classes":"text-3xl font-medium font-heading tracking-tight md:text-4xl/tight","textContent":"Try it yourself","browserUrl":"https://quick-edits-extension.vercel.app/"}}

[2025-01-05 10:23:34] Action: perform_search
[2025-01-05 10:23:34] Data.Folder: /Users/michael/Software/quick-edits/website
[2025-01-05 10:23:34] Data.Classes: space-y-2
[2025-01-05 10:23:34] Data.TextContent: Try it yourselfQuick Edits is still in its early stages but I'm sure you'll find it useful.
[2025-01-05 10:23:34] Data.BrowserURL: https://quick-edits-extension.vercel.app/
[2025-01-05 10:23:34] Data.CharNumber: 0
[2025-01-05 10:23:34] Data.Path: 
[2025-01-05 10:23:34] {"id":"hz70hr","action":"perform_search","data":{"folder":"/Users/michael/Software/quick-edits/website","classes":"space-y-2","textContent":"Try it yourselfQuick Edits is still in its early stages but I'm sure you'll find it useful.","browserUrl":"https://quick-edits-extension.vercel.app/"}}

[2025-01-05 10:23:34] Action: perform_search
[2025-01-05 10:23:34] Data.Folder: /Users/michael/Software/quick-edits/website
[2025-01-05 10:23:34] Data.Classes: max-w-[900px] text-gray-500 lg:text-base/relaxed
[2025-01-05 10:23:34] Data.TextContent: Quick Edits is still in its early stages but I'm sure you'll find it useful.
[2025-01-05 10:23:34] Data.BrowserURL: https://quick-edits-extension.vercel.app/
[2025-01-05 10:23:34] Data.CharNumber: 0
[2025-01-05 10:23:34] Data.Path: 
[2025-01-05 10:23:34] {"id":"r8h01e","action":"perform_search","data":{"folder":"/Users/michael/Software/quick-edits/website","classes":"max-w-[900px] text-gray-500 lg:text-base/relaxed","textContent":"Quick Edits is still in its early stages but I'm sure you'll find it useful.","browserUrl":"https://quick-edits-extension.vercel.app/"}}

[2025-01-05 10:23:35] Action: perform_search
[2025-01-05 10:23:35] Data.Folder: /Users/michael/Software/quick-edits/website
[2025-01-05 10:23:35] Data.Classes: space-y-2
[2025-01-05 10:23:35] Data.TextContent: Try it yourselfQuick Edits is still in its early stages but I'm sure you'll find it useful.
[2025-01-05 10:23:35] Data.BrowserURL: https://quick-edits-extension.vercel.app/
[2025-01-05 10:23:35] Data.CharNumber: 0
[2025-01-05 10:23:35] Data.Path: 
[2025-01-05 10:23:35] {"id":"78cmfk","action":"perform_search","data":{"folder":"/Users/michael/Software/quick-edits/website","classes":"space-y-2","textContent":"Try it yourselfQuick Edits is still in its early stages but I'm sure you'll find it useful.","browserUrl":"https://quick-edits-extension.vercel.app/"}}

[2025-01-05 10:23:36] Action: perform_search
[2025-01-05 10:23:36] Data.Folder: /Users/michael/Software/quick-edits/website
[2025-01-05 10:23:36] Data.Classes: max-w-[900px] text-gray-500 lg:text-base/relaxed
[2025-01-05 10:23:36] Data.TextContent: Quick Edits is still in its early stages but I'm sure you'll find it useful.
[2025-01-05 10:23:36] Data.BrowserURL: https://quick-edits-extension.vercel.app/
[2025-01-05 10:23:36] Data.CharNumber: 0
[2025-01-05 10:23:36] Data.Path: 
[2025-01-05 10:23:36] {"id":"hqs1kb","action":"perform_search","data":{"folder":"/Users/michael/Software/quick-edits/website","classes":"max-w-[900px] text-gray-500 lg:text-base/relaxed","textContent":"Quick Edits is still in its early stages but I'm sure you'll find it useful.","browserUrl":"https://quick-edits-extension.vercel.app/"}}

[2025-01-05 10:23:37] Action: perform_search
[2025-01-05 10:23:37] Data.Folder: /Users/michael/Software/quick-edits/website
[2025-01-05 10:23:37] Data.Classes: flex flex-col items-center justify-center space-y-4 text-center
[2025-01-05 10:23:37] Data.TextContent: Try it yourselfQuick Edits is still in its early stages but I'm sure you'll find it useful.Get Started
[2025-01-05 10:23:37] Data.BrowserURL: https://quick-edits-extension.vercel.app/
[2025-01-05 10:23:37] Data.CharNumber: 0
[2025-01-05 10:23:37] Data.Path: 
[2025-01-05 10:23:37] {"id":"lz5kti","action":"perform_search","data":{"folder":"/Users/michael/Software/quick-edits/website","classes":"flex flex-col items-center justify-center space-y-4 text-center","textContent":"Try it yourselfQuick Edits is still in its early stages but I'm sure you'll find it useful.Get Started","browserUrl":"https://quick-edits-extension.vercel.app/"}}

[2025-01-05 10:23:37] Action: perform_search
[2025-01-05 10:23:37] Data.Folder: /Users/michael/Software/quick-edits/website
[2025-01-05 10:23:37] Data.Classes: inline-flex h-10 items-center gap-2 justify-center rounded-md bg-gray-900 px-8 text-sm font-medium text-gray-50 shadow transition-colors hover:bg-gray-900/90 focus-visible:outline-none focus-visible:ring-1 focus-visible:ring-blue-500 disabled:pointer-events-none disabled:opacity-50
[2025-01-05 10:23:37] Data.TextContent: Get Started
[2025-01-05 10:23:37] Data.BrowserURL: https://quick-edits-extension.vercel.app/
[2025-01-05 10:23:37] Data.CharNumber: 0
[2025-01-05 10:23:37] Data.Path: 
[2025-01-05 10:23:38] {"id":"ightga","action":"perform_search","data":{"folder":"/Users/michael/Software/quick-edits/website","classes":"inline-flex h-10 items-center gap-2 justify-center rounded-md bg-gray-900 px-8 text-sm font-medium text-gray-50 shadow transition-colors hover:bg-gray-900/90 focus-visible:outline-none focus-visible:ring-1 focus-visible:ring-blue-500 disabled:pointer-events-none disabled:opacity-50","textContent":"Get Started","browserUrl":"https://quick-edits-extension.vercel.app/"}}

[2025-01-05 10:23:38] Action: perform_search
[2025-01-05 10:23:38] Data.Folder: /Users/michael/Software/quick-edits/website
[2025-01-05 10:23:38] Data.Classes: flex flex-col items-center justify-center space-y-4 text-center
[2025-01-05 10:23:38] Data.TextContent: Try it yourselfQuick Edits is still in its early stages but I'm sure you'll find it useful.Get Started
[2025-01-05 10:23:38] Data.BrowserURL: https://quick-edits-extension.vercel.app/
[2025-01-05 10:23:38] Data.CharNumber: 0
[2025-01-05 10:23:38] Data.Path: 
[2025-01-05 10:23:38] {"id":"8cms6","action":"perform_search","data":{"folder":"/Users/michael/Software/quick-edits/website","classes":"flex flex-col items-center justify-center space-y-4 text-center","textContent":"Try it yourselfQuick Edits is still in its early stages but I'm sure you'll find it useful.Get Started","browserUrl":"https://quick-edits-extension.vercel.app/"}}

[2025-01-05 10:23:38] Action: perform_search
[2025-01-05 10:23:38] Data.Folder: /Users/michael/Software/quick-edits/website
[2025-01-05 10:23:38] Data.Classes: max-w-[900px] text-gray-500 lg:text-base/relaxed
[2025-01-05 10:23:38] Data.TextContent: Quick Edits is still in its early stages but I'm sure you'll find it useful.
[2025-01-05 10:23:38] Data.BrowserURL: https://quick-edits-extension.vercel.app/
[2025-01-05 10:23:38] Data.CharNumber: 0
[2025-01-05 10:23:38] Data.Path: 
[2025-01-05 10:23:38] {"id":"4m93m","action":"perform_search","data":{"folder":"/Users/michael/Software/quick-edits/website","classes":"max-w-[900px] text-gray-500 lg:text-base/relaxed","textContent":"Quick Edits is still in its early stages but I'm sure you'll find it useful.","browserUrl":"https://quick-edits-extension.vercel.app/"}}

[2025-01-05 10:23:38] Action: perform_search
[2025-01-05 10:23:38] Data.Folder: /Users/michael/Software/quick-edits/website
[2025-01-05 10:23:38] Data.Classes: space-y-2
[2025-01-05 10:23:38] Data.TextContent: Try it yourselfQuick Edits is still in its early stages but I'm sure you'll find it useful.
[2025-01-05 10:23:39] Data.BrowserURL: https://quick-edits-extension.vercel.app/
[2025-01-05 10:23:39] Data.CharNumber: 0
[2025-01-05 10:23:39] Data.Path: 
[2025-01-05 10:23:39] {"id":"hjkkz6","action":"perform_search","data":{"folder":"/Users/michael/Software/quick-edits/website","classes":"space-y-2","textContent":"Try it yourselfQuick Edits is still in its early stages but I'm sure you'll find it useful.","browserUrl":"https://quick-edits-extension.vercel.app/"}}

[2025-01-05 10:23:39] Action: perform_search
[2025-01-05 10:23:39] Data.Folder: /Users/michael/Software/quick-edits/website
[2025-01-05 10:23:39] Data.Classes: text-3xl font-medium font-heading tracking-tight md:text-4xl/tight
[2025-01-05 10:23:39] Data.TextContent: Try it yourself
[2025-01-05 10:23:39] Data.BrowserURL: https://quick-edits-extension.vercel.app/
[2025-01-05 10:23:39] Data.CharNumber: 0
[2025-01-05 10:23:39] Data.Path: 
[2025-01-05 10:23:39] {"id":"qw4z4s","action":"perform_search","data":{"folder":"/Users/michael/Software/quick-edits/website","classes":"text-3xl font-medium font-heading tracking-tight md:text-4xl/tight","textContent":"Try it yourself","browserUrl":"https://quick-edits-extension.vercel.app/"}}

[2025-01-05 10:23:39] Action: perform_search
[2025-01-05 10:23:39] Data.Folder: /Users/michael/Software/quick-edits/website
[2025-01-05 10:23:39] Data.Classes: w-full py-12 md:py-24 lg:py-32
[2025-01-05 10:23:39] Data.TextContent: Try it yourselfQuick Edits is still in its early stages but I'm sure you'll find it useful.Get Started
[2025-01-05 10:23:39] Data.BrowserURL: https://quick-edits-extension.vercel.app/
[2025-01-05 10:23:39] Data.CharNumber: 0
[2025-01-05 10:23:39] Data.Path: 
[2025-01-05 10:23:39] {"id":"xjyxpw","action":"perform_search","data":{"folder":"/Users/michael/Software/quick-edits/website","classes":"w-full py-12 md:py-24 lg:py-32","textContent":"Try it yourselfQuick Edits is still in its early stages but I'm sure you'll find it useful.Get Started","browserUrl":"https://quick-edits-extension.vercel.app/"}}

[2025-01-05 10:23:39] Action: perform_search
[2025-01-05 10:23:39] Data.Folder: /Users/michael/Software/quick-edits/website
[2025-01-05 10:23:39] Data.Classes: mx-auto text-blue-500
[2025-01-05 10:23:39] Data.TextContent: 
[2025-01-05 10:23:39] Data.BrowserURL: https://quick-edits-extension.vercel.app/
[2025-01-05 10:23:39] Data.CharNumber: 0
[2025-01-05 10:23:39] Data.Path: 
[2025-01-05 10:23:39] {"id":"ikve1h","action":"perform_search","data":{"folder":"/Users/michael/Software/quick-edits/website","classes":"mx-auto text-blue-500","textContent":"","browserUrl":"https://quick-edits-extension.vercel.app/"}}

[2025-01-05 10:23:40] Action: perform_search
[2025-01-05 10:23:40] Data.Folder: /Users/michael/Software/quick-edits/website
[2025-01-05 10:23:40] Data.Classes: 
[2025-01-05 10:23:41] Data.TextContent: 
[2025-01-05 10:23:41] Data.BrowserURL: https://quick-edits-extension.vercel.app/
[2025-01-05 10:23:41] Data.CharNumber: 0
[2025-01-05 10:23:41] Data.Path: 
[2025-01-05 10:23:41] {"id":"ilq3q8","action":"perform_search","data":{"folder":"/Users/michael/Software/quick-edits/website","classes":"","textContent":"","browserUrl":"https://quick-edits-extension.vercel.app/"}}

[2025-01-05 10:23:41] Action: perform_search
[2025-01-05 10:23:41] Data.Folder: /Users/michael/Software/quick-edits/website
[2025-01-05 10:23:41] Data.Classes: flex justify-center gap-8 pb-24
[2025-01-05 10:23:41] Data.TextContent: 
[2025-01-05 10:23:41] Data.BrowserURL: https://quick-edits-extension.vercel.app/
[2025-01-05 10:23:41] Data.CharNumber: 0
[2025-01-05 10:23:41] Data.Path: 
[2025-01-05 10:23:41] {"id":"espqxq","action":"perform_search","data":{"folder":"/Users/michael/Software/quick-edits/website","classes":"flex justify-center gap-8 pb-24","textContent":"","browserUrl":"https://quick-edits-extension.vercel.app/"}}

[2025-01-05 10:23:41] Action: perform_search
[2025-01-05 10:23:41] Data.Folder: /Users/michael/Software/quick-edits/website
[2025-01-05 10:23:41] Data.Classes: 
[2025-01-05 10:23:41] Data.TextContent: 
[2025-01-05 10:23:41] Data.BrowserURL: https://quick-edits-extension.vercel.app/
[2025-01-05 10:23:41] Data.CharNumber: 0
[2025-01-05 10:23:41] Data.Path: 
[2025-01-05 10:23:41] {"id":"39caqs","action":"perform_search","data":{"folder":"/Users/michael/Software/quick-edits/website","classes":"","textContent":"","browserUrl":"https://quick-edits-extension.vercel.app/"}}

[2025-01-05 10:23:41] Action: perform_search
[2025-01-05 10:23:41] Data.Folder: /Users/michael/Software/quick-edits/website
[2025-01-05 10:23:41] Data.Classes: flex justify-center gap-8 pb-24
[2025-01-05 10:23:41] Data.TextContent: 
[2025-01-05 10:23:41] Data.BrowserURL: https://quick-edits-extension.vercel.app/
[2025-01-05 10:23:41] Data.CharNumber: 0
[2025-01-05 10:23:41] Data.Path: 
[2025-01-05 10:23:41] {"id":"lrmob9","action":"perform_search","data":{"folder":"/Users/michael/Software/quick-edits/website","classes":"flex justify-center gap-8 pb-24","textContent":"","browserUrl":"https://quick-edits-extension.vercel.app/"}}

[2025-01-05 10:23:41] Action: perform_search
[2025-01-05 10:23:41] Data.Folder: /Users/michael/Software/quick-edits/website
[2025-01-05 10:23:42] Data.Classes: text-center pb-14
[2025-01-05 10:23:42] Data.TextContent: Quick Edits currently supports VSCode, PHPStorm, Cursor and Zed.
[2025-01-05 10:23:42] Data.BrowserURL: https://quick-edits-extension.vercel.app/
[2025-01-05 10:23:42] Data.CharNumber: 0
[2025-01-05 10:23:42] Data.Path: 
[2025-01-05 10:23:42] {"id":"49mvu","action":"perform_search","data":{"folder":"/Users/michael/Software/quick-edits/website","classes":"text-center pb-14","textContent":"Quick Edits currently supports VSCode, PHPStorm, Cursor and Zed.","browserUrl":"https://quick-edits-extension.vercel.app/"}}

[2025-01-05 10:23:42] Action: perform_search
[2025-01-05 10:23:42] Data.Folder: /Users/michael/Software/quick-edits/website
[2025-01-05 10:23:43] Data.Classes: pb-8 text-center font-bold font-heading text-4xl
[2025-01-05 10:23:43] Data.TextContent: Integrates with your favorite editor
[2025-01-05 10:23:43] Data.BrowserURL: https://quick-edits-extension.vercel.app/
[2025-01-05 10:23:43] Data.CharNumber: 0
[2025-01-05 10:23:43] Data.Path: 
[2025-01-05 10:23:43] {"id":"rmyous","action":"perform_search","data":{"folder":"/Users/michael/Software/quick-edits/website","classes":"pb-8 text-center font-bold font-heading text-4xl","textContent":"Integrates with your favorite editor","browserUrl":"https://quick-edits-extension.vercel.app/"}}

[2025-01-05 10:23:46] Action: perform_search
[2025-01-05 10:23:46] Data.Folder: /Users/michael/Software/quick-edits/website
[2025-01-05 10:23:46] Data.Classes: relative z-10 flex min-h-screen flex-col
[2025-01-05 10:23:46] Data.TextContent: RoadmapGet Startednavigation.skillsnavigation.projectsnavigation.contactnavigation.blogOpen MenuFind and edit your code with ease.Quick Edits is a developer utility that helps you locate the code you need to edit.Add Chrome ExtensionGet StartedIntegrate with your favorite editorQuick Edits allows you to reduce the steps it takes to make TailwindCSS changes to a website.Speeds up the process of finding HTML elements in your code.Hover over an element an overview of the classes used on it.Add uti
[2025-01-05 10:23:46] Data.BrowserURL: https://quick-edits-extension.vercel.app/
[2025-01-05 10:23:46] Data.CharNumber: 0
[2025-01-05 10:23:46] Data.Path: 
[2025-01-05 10:23:46] {"id":"kp41ds","action":"perform_search","data":{"folder":"/Users/michael/Software/quick-edits/website","classes":"relative z-10 flex min-h-screen flex-col","textContent":"RoadmapGet Startednavigation.skillsnavigation.projectsnavigation.contactnavigation.blogOpen MenuFind and edit your code with ease.Quick Edits is a developer utility that helps you locate the code you need to edit.Add Chrome ExtensionGet StartedIntegrate with your favorite editorQuick Edits allows you to reduce the steps it takes to make TailwindCSS changes to a website.Speeds up the process of finding HTML elements in your code.Hover over an element an overview of the classes used on it.Add uti","browserUrl":"https://quick-edits-extension.vercel.app/"}}

[2025-01-05 10:23:46] Action: perform_search
[2025-01-05 10:23:46] Data.Folder: /Users/michael/Software/quick-edits/website
[2025-01-05 10:23:46] Data.Classes: flex items-center justify-between mx-auto border-x px-4
[2025-01-05 10:23:46] Data.TextContent: RoadmapGet Startednavigation.skillsnavigation.projectsnavigation.contactnavigation.blogOpen Menu
[2025-01-05 10:23:46] Data.BrowserURL: https://quick-edits-extension.vercel.app/
[2025-01-05 10:23:46] Data.CharNumber: 0
[2025-01-05 10:23:46] Data.Path: 
[2025-01-05 10:23:46] {"id":"rwvd","action":"perform_search","data":{"folder":"/Users/michael/Software/quick-edits/website","classes":"flex items-center justify-between mx-auto border-x px-4","textContent":"RoadmapGet Startednavigation.skillsnavigation.projectsnavigation.contactnavigation.blogOpen Menu","browserUrl":"https://quick-edits-extension.vercel.app/"}}

[2025-01-05 10:23:46] Action: perform_search
[2025-01-05 10:23:46] Data.Folder: /Users/michael/Software/quick-edits/website
[2025-01-05 10:23:46] Data.Classes: px-4 py-3 text-gray-900 hover:text-gray-900 border-b-2 border-b-transparent hover:border-b-blue-200
[2025-01-05 10:23:46] Data.TextContent: Roadmap
[2025-01-05 10:23:46] Data.BrowserURL: https://quick-edits-extension.vercel.app/
[2025-01-05 10:23:46] Data.CharNumber: 0
[2025-01-05 10:23:46] Data.Path: 
[2025-01-05 10:23:46] {"id":"gxp5o","action":"perform_search","data":{"folder":"/Users/michael/Software/quick-edits/website","classes":"px-4 py-3 text-gray-900 hover:text-gray-900 border-b-2 border-b-transparent hover:border-b-blue-200","textContent":"Roadmap","browserUrl":"https://quick-edits-extension.vercel.app/"}}

[2025-01-05 10:23:46] Action: perform_search
[2025-01-05 10:23:46] Data.Folder: /Users/michael/Software/quick-edits/website
[2025-01-05 10:23:46] Data.Classes: flex items-center justify-between mx-auto border-x px-4
[2025-01-05 10:23:46] Data.TextContent: RoadmapGet Startednavigation.skillsnavigation.projectsnavigation.contactnavigation.blogOpen Menu
[2025-01-05 10:23:46] Data.BrowserURL: https://quick-edits-extension.vercel.app/
[2025-01-05 10:23:46] Data.CharNumber: 0
[2025-01-05 10:23:46] Data.Path: 
[2025-01-05 10:23:46] {"id":"zjjfws","action":"perform_search","data":{"folder":"/Users/michael/Software/quick-edits/website","classes":"flex items-center justify-between mx-auto border-x px-4","textContent":"RoadmapGet Startednavigation.skillsnavigation.projectsnavigation.contactnavigation.blogOpen Menu","browserUrl":"https://quick-edits-extension.vercel.app/"}}

[2025-01-05 10:23:47] Action: perform_search
[2025-01-05 10:23:47] Data.Folder: /Users/michael/Software/quick-edits/website
[2025-01-05 10:23:47] Data.Classes: px-4 py-3 text-gray-900 hover:text-gray-900 border-b-2 border-b-transparent hover:border-b-blue-200
[2025-01-05 10:23:47] Data.TextContent: Roadmap
[2025-01-05 10:23:47] Data.BrowserURL: https://quick-edits-extension.vercel.app/
[2025-01-05 10:23:47] Data.CharNumber: 0
[2025-01-05 10:23:47] Data.Path: 
[2025-01-05 10:23:47] {"id":"uic41q","action":"perform_search","data":{"folder":"/Users/michael/Software/quick-edits/website","classes":"px-4 py-3 text-gray-900 hover:text-gray-900 border-b-2 border-b-transparent hover:border-b-blue-200","textContent":"Roadmap","browserUrl":"https://quick-edits-extension.vercel.app/"}}

[2025-01-05 10:23:48] Action: perform_search
[2025-01-05 10:23:48] Data.Folder: /Users/michael/Software/quick-edits/website
[2025-01-05 10:23:48] Data.Classes: flex items-center justify-between mx-auto border-x px-4
[2025-01-05 10:23:48] Data.TextContent: RoadmapGet Startednavigation.skillsnavigation.projectsnavigation.contactnavigation.blogOpen Menu
[2025-01-05 10:23:48] Data.BrowserURL: https://quick-edits-extension.vercel.app/
[2025-01-05 10:23:48] Data.CharNumber: 0
[2025-01-05 10:23:48] Data.Path: 
[2025-01-05 10:23:48] {"id":"xee6f9","action":"perform_search","data":{"folder":"/Users/michael/Software/quick-edits/website","classes":"flex items-center justify-between mx-auto border-x px-4","textContent":"RoadmapGet Startednavigation.skillsnavigation.projectsnavigation.contactnavigation.blogOpen Menu","browserUrl":"https://quick-edits-extension.vercel.app/"}}

[2025-01-05 10:23:49] Action: perform_search
[2025-01-05 10:23:49] Data.Folder: /Users/michael/Software/quick-edits/website
[2025-01-05 10:23:49] Data.Classes: relative z-10 flex min-h-screen flex-col
[2025-01-05 10:23:49] Data.TextContent: RoadmapGet Startednavigation.skillsnavigation.projectsnavigation.contactnavigation.blogOpen MenuFind and edit your code with ease.Quick Edits is a developer utility that helps you locate the code you need to edit.Add Chrome ExtensionGet StartedIntegrate with your favorite editorQuick Edits allows you to reduce the steps it takes to make TailwindCSS changes to a website.Speeds up the process of finding HTML elements in your code.Hover over an element an overview of the classes used on it.Add uti
[2025-01-05 10:23:49] Data.BrowserURL: https://quick-edits-extension.vercel.app/
[2025-01-05 10:23:49] Data.CharNumber: 0
[2025-01-05 10:23:49] Data.Path: 
[2025-01-05 10:23:49] {"id":"iojm8d","action":"perform_search","data":{"folder":"/Users/michael/Software/quick-edits/website","classes":"relative z-10 flex min-h-screen flex-col","textContent":"RoadmapGet Startednavigation.skillsnavigation.projectsnavigation.contactnavigation.blogOpen MenuFind and edit your code with ease.Quick Edits is a developer utility that helps you locate the code you need to edit.Add Chrome ExtensionGet StartedIntegrate with your favorite editorQuick Edits allows you to reduce the steps it takes to make TailwindCSS changes to a website.Speeds up the process of finding HTML elements in your code.Hover over an element an overview of the classes used on it.Add uti","browserUrl":"https://quick-edits-extension.vercel.app/"}}

[2025-01-05 10:23:50] Action: perform_search
[2025-01-05 10:23:50] Data.Folder: /Users/michael/Software/quick-edits/website
[2025-01-05 10:23:50] Data.Classes: h-16 mb-14
[2025-01-05 10:23:50] Data.TextContent: 
[2025-01-05 10:23:50] Data.BrowserURL: https://quick-edits-extension.vercel.app/
[2025-01-05 10:23:50] Data.CharNumber: 0
[2025-01-05 10:23:50] Data.Path: 
[2025-01-05 10:23:50] {"id":"fxolcp","action":"perform_search","data":{"folder":"/Users/michael/Software/quick-edits/website","classes":"h-16 mb-14","textContent":"","browserUrl":"https://quick-edits-extension.vercel.app/"}}

[2025-01-05 10:23:50] Action: perform_search
[2025-01-05 10:23:50] Data.Folder: /Users/michael/Software/quick-edits/website
[2025-01-05 10:23:50] Data.Classes: fixed top-0 bg-white z-20 w-full border-b
[2025-01-05 10:23:50] Data.TextContent: RoadmapGet Startednavigation.skillsnavigation.projectsnavigation.contactnavigation.blogOpen Menu
[2025-01-05 10:23:50] Data.BrowserURL: https://quick-edits-extension.vercel.app/
[2025-01-05 10:23:50] Data.CharNumber: 0
[2025-01-05 10:23:50] Data.Path: 
[2025-01-05 10:23:50] {"id":"1ub1g","action":"perform_search","data":{"folder":"/Users/michael/Software/quick-edits/website","classes":"fixed top-0 bg-white z-20 w-full border-b","textContent":"RoadmapGet Startednavigation.skillsnavigation.projectsnavigation.contactnavigation.blogOpen Menu","browserUrl":"https://quick-edits-extension.vercel.app/"}}

[2025-01-05 10:23:50] Action: perform_search
[2025-01-05 10:23:50] Data.Folder: /Users/michael/Software/quick-edits/website
[2025-01-05 10:23:50] Data.Classes: flex items-center justify-between mx-auto border-x px-4
[2025-01-05 10:23:50] Data.TextContent: RoadmapGet Startednavigation.skillsnavigation.projectsnavigation.contactnavigation.blogOpen Menu
[2025-01-05 10:23:50] Data.BrowserURL: https://quick-edits-extension.vercel.app/
[2025-01-05 10:23:50] Data.CharNumber: 0
[2025-01-05 10:23:50] Data.Path: 
[2025-01-05 10:23:50] {"id":"ev6bd","action":"perform_search","data":{"folder":"/Users/michael/Software/quick-edits/website","classes":"flex items-center justify-between mx-auto border-x px-4","textContent":"RoadmapGet Startednavigation.skillsnavigation.projectsnavigation.contactnavigation.blogOpen Menu","browserUrl":"https://quick-edits-extension.vercel.app/"}}

[2025-01-05 10:23:52] Action: perform_search
[2025-01-05 10:23:52] Data.Folder: /Users/michael/Software/quick-edits/website
[2025-01-05 10:23:52] Data.Classes: fixed top-0 bg-white z-20 w-full border-b
[2025-01-05 10:23:52] Data.TextContent: RoadmapGet Startednavigation.skillsnavigation.projectsnavigation.contactnavigation.blogOpen Menu
[2025-01-05 10:23:52] Data.BrowserURL: https://quick-edits-extension.vercel.app/
[2025-01-05 10:23:52] Data.CharNumber: 0
[2025-01-05 10:23:52] Data.Path: 
[2025-01-05 10:23:52] {"id":"uxgr9ms","action":"perform_search","data":{"folder":"/Users/michael/Software/quick-edits/website","classes":"fixed top-0 bg-white z-20 w-full border-b","textContent":"RoadmapGet Startednavigation.skillsnavigation.projectsnavigation.contactnavigation.blogOpen Menu","browserUrl":"https://quick-edits-extension.vercel.app/"}}

[2025-01-05 10:23:52] Action: perform_search
[2025-01-05 10:23:52] Data.Folder: /Users/michael/Software/quick-edits/website
[2025-01-05 10:23:52] Data.Classes: flex items-center justify-between mx-auto border-x px-4
[2025-01-05 10:23:52] Data.TextContent: RoadmapGet Startednavigation.skillsnavigation.projectsnavigation.contactnavigation.blogOpen Menu
[2025-01-05 10:23:52] Data.BrowserURL: https://quick-edits-extension.vercel.app/
[2025-01-05 10:23:52] Data.CharNumber: 0
[2025-01-05 10:23:52] Data.Path: 
[2025-01-05 10:23:52] {"id":"9pep9l","action":"perform_search","data":{"folder":"/Users/michael/Software/quick-edits/website","classes":"flex items-center justify-between mx-auto border-x px-4","textContent":"RoadmapGet Startednavigation.skillsnavigation.projectsnavigation.contactnavigation.blogOpen Menu","browserUrl":"https://quick-edits-extension.vercel.app/"}}

[2025-01-05 10:23:54] Action: perform_search
[2025-01-05 10:23:54] Data.Folder: /Users/michael/Software/quick-edits/website
[2025-01-05 10:23:54] Data.Classes: px-4 py-3 text-gray-900 hover:text-gray-900 border-b-2 border-b-transparent hover:border-b-blue-200
[2025-01-05 10:23:54] Data.TextContent: Roadmap
[2025-01-05 10:23:54] Data.BrowserURL: https://quick-edits-extension.vercel.app/
[2025-01-05 10:23:54] Data.CharNumber: 0
[2025-01-05 10:23:54] Data.Path: 
[2025-01-05 10:23:54] {"id":"ukqt45","action":"perform_search","data":{"folder":"/Users/michael/Software/quick-edits/website","classes":"px-4 py-3 text-gray-900 hover:text-gray-900 border-b-2 border-b-transparent hover:border-b-blue-200","textContent":"Roadmap","browserUrl":"https://quick-edits-extension.vercel.app/"}}

[2025-01-05 10:23:55] Action: perform_search
[2025-01-05 10:23:55] Data.Folder: /Users/michael/Software/quick-edits/website
[2025-01-05 10:23:55] Data.Classes: flex items-center justify-between mx-auto border-x px-4
[2025-01-05 10:23:55] Data.TextContent: RoadmapGet Startednavigation.skillsnavigation.projectsnavigation.contactnavigation.blogOpen Menu
[2025-01-05 10:23:55] Data.BrowserURL: https://quick-edits-extension.vercel.app/
[2025-01-05 10:23:55] Data.CharNumber: 0
[2025-01-05 10:23:55] Data.Path: 
[2025-01-05 10:23:55] {"id":"rvg9iv","action":"perform_search","data":{"folder":"/Users/michael/Software/quick-edits/website","classes":"flex items-center justify-between mx-auto border-x px-4","textContent":"RoadmapGet Startednavigation.skillsnavigation.projectsnavigation.contactnavigation.blogOpen Menu","browserUrl":"https://quick-edits-extension.vercel.app/"}}

[2025-01-05 10:23:56] Action: perform_search
[2025-01-05 10:23:56] Data.Folder: /Users/michael/Software/quick-edits/website
[2025-01-05 10:23:56] Data.Classes: px-4 py-3 text-gray-900 hover:text-gray-900 border-b-2 border-b-transparent hover:border-b-blue-200
[2025-01-05 10:23:56] Data.TextContent: Roadmap
[2025-01-05 10:23:56] Data.BrowserURL: https://quick-edits-extension.vercel.app/
[2025-01-05 10:23:56] Data.CharNumber: 0
[2025-01-05 10:23:56] Data.Path: 
[2025-01-05 10:23:56] {"id":"2b9qjc","action":"perform_search","data":{"folder":"/Users/michael/Software/quick-edits/website","classes":"px-4 py-3 text-gray-900 hover:text-gray-900 border-b-2 border-b-transparent hover:border-b-blue-200","textContent":"Roadmap","browserUrl":"https://quick-edits-extension.vercel.app/"}}

[2025-01-05 10:23:57] Action: perform_search
[2025-01-05 10:23:57] Data.Folder: /Users/michael/Software/quick-edits/website
[2025-01-05 10:23:57] Data.Classes: flex items-center justify-between mx-auto border-x px-4
[2025-01-05 10:23:57] Data.TextContent: RoadmapGet Startednavigation.skillsnavigation.projectsnavigation.contactnavigation.blogOpen Menu
[2025-01-05 10:23:57] Data.BrowserURL: https://quick-edits-extension.vercel.app/
[2025-01-05 10:23:57] Data.CharNumber: 0
[2025-01-05 10:23:57] Data.Path: 
[2025-01-05 10:23:57] {"id":"55mac","action":"perform_search","data":{"folder":"/Users/michael/Software/quick-edits/website","classes":"flex items-center justify-between mx-auto border-x px-4","textContent":"RoadmapGet Startednavigation.skillsnavigation.projectsnavigation.contactnavigation.blogOpen Menu","browserUrl":"https://quick-edits-extension.vercel.app/"}}

[2025-01-05 10:23:57] Action: perform_search
[2025-01-05 10:23:57] Data.Folder: /Users/michael/Software/quick-edits/website
[2025-01-05 10:23:57] Data.Classes: px-4 py-3 text-gray-900 hover:text-gray-900 text-white hover:text-white h-10 items-center justify-center gap-2 rounded-full bg-blue-500 px-8 font-medium text-gray-50 text-sm shadow transition-colors hover:bg-blue-600 focus-visible:outline-none focus-visible:ring-2 focus-visible:ring-gray-950 disabled:pointer-events-none disabled:opacity-50 border-b-2 border-b-transparent hover:border-b-blue-200
[2025-01-05 10:23:57] Data.TextContent: Get Started
[2025-01-05 10:23:57] Data.BrowserURL: https://quick-edits-extension.vercel.app/
[2025-01-05 10:23:57] Data.CharNumber: 0
[2025-01-05 10:23:57] Data.Path: 
[2025-01-05 10:23:57] {"id":"v2iqo6","action":"perform_search","data":{"folder":"/Users/michael/Software/quick-edits/website","classes":"px-4 py-3 text-gray-900 hover:text-gray-900 text-white hover:text-white h-10 items-center justify-center gap-2 rounded-full bg-blue-500 px-8 font-medium text-gray-50 text-sm shadow transition-colors hover:bg-blue-600 focus-visible:outline-none focus-visible:ring-2 focus-visible:ring-gray-950 disabled:pointer-events-none disabled:opacity-50 border-b-2 border-b-transparent hover:border-b-blue-200","textContent":"Get Started","browserUrl":"https://quick-edits-extension.vercel.app/"}}

[2025-01-05 10:23:59] Action: perform_search
[2025-01-05 10:23:59] Data.Folder: /Users/michael/Software/quick-edits/website
[2025-01-05 10:23:59] Data.Classes: flex items-center justify-between mx-auto border-x px-4
[2025-01-05 10:23:59] Data.TextContent: RoadmapGet Startednavigation.skillsnavigation.projectsnavigation.contactnavigation.blogOpen Menu
[2025-01-05 10:23:59] Data.BrowserURL: https://quick-edits-extension.vercel.app/
[2025-01-05 10:23:59] Data.CharNumber: 0
[2025-01-05 10:23:59] Data.Path: 
[2025-01-05 10:23:59] {"id":"cow09p","action":"perform_search","data":{"folder":"/Users/michael/Software/quick-edits/website","classes":"flex items-center justify-between mx-auto border-x px-4","textContent":"RoadmapGet Startednavigation.skillsnavigation.projectsnavigation.contactnavigation.blogOpen Menu","browserUrl":"https://quick-edits-extension.vercel.app/"}}

[2025-01-05 10:23:59] Action: perform_search
[2025-01-05 10:23:59] Data.Folder: /Users/michael/Software/quick-edits/website
[2025-01-05 10:23:59] Data.Classes: px-4 py-3 text-gray-900 hover:text-gray-900 border-b-2 border-b-transparent hover:border-b-blue-200
[2025-01-05 10:23:59] Data.TextContent: Roadmap
[2025-01-05 10:23:59] Data.BrowserURL: https://quick-edits-extension.vercel.app/
[2025-01-05 10:23:59] Data.CharNumber: 0
[2025-01-05 10:23:59] Data.Path: 
[2025-01-05 10:23:59] {"id":"6hc9xl","action":"perform_search","data":{"folder":"/Users/michael/Software/quick-edits/website","classes":"px-4 py-3 text-gray-900 hover:text-gray-900 border-b-2 border-b-transparent hover:border-b-blue-200","textContent":"Roadmap","browserUrl":"https://quick-edits-extension.vercel.app/"}}

[2025-01-05 10:24:00] Action: perform_search
[2025-01-05 10:24:00] Data.Folder: /Users/michael/Software/quick-edits/website
[2025-01-05 10:24:00] Data.Classes: flex items-center justify-between mx-auto border-x px-4
[2025-01-05 10:24:00] Data.TextContent: RoadmapGet Startednavigation.skillsnavigation.projectsnavigation.contactnavigation.blogOpen Menu
[2025-01-05 10:24:00] Data.BrowserURL: https://quick-edits-extension.vercel.app/
[2025-01-05 10:24:00] Data.CharNumber: 0
[2025-01-05 10:24:00] Data.Path: 
[2025-01-05 10:24:00] {"id":"9k8y6a","action":"perform_search","data":{"folder":"/Users/michael/Software/quick-edits/website","classes":"flex items-center justify-between mx-auto border-x px-4","textContent":"RoadmapGet Startednavigation.skillsnavigation.projectsnavigation.contactnavigation.blogOpen Menu","browserUrl":"https://quick-edits-extension.vercel.app/"}}

[2025-01-05 10:24:04] Action: perform_search
[2025-01-05 10:24:04] Data.Folder: /Users/michael/Software/quick-edits/website
[2025-01-05 10:24:04] Data.Classes: pb-5 font-heading font-semibold text-4xl tracking-tight sm:text-5xl xl:text-6xl/none text-balance
[2025-01-05 10:24:04] Data.TextContent: Find and edit your code with ease.
[2025-01-05 10:24:04] Data.BrowserURL: https://quick-edits-extension.vercel.app/
[2025-01-05 10:24:04] Data.CharNumber: 0
[2025-01-05 10:24:04] Data.Path: 
[2025-01-05 10:24:04] {"id":"4b6ng","action":"perform_search","data":{"folder":"/Users/michael/Software/quick-edits/website","classes":"pb-5 font-heading font-semibold text-4xl tracking-tight sm:text-5xl xl:text-6xl/none text-balance","textContent":"Find and edit your code with ease.","browserUrl":"https://quick-edits-extension.vercel.app/"}}

[2025-01-05 10:24:04] Action: perform_search
[2025-01-05 10:24:04] Data.Folder: /Users/michael/Software/quick-edits/website
[2025-01-05 10:24:04] Data.Classes: !mt-0 max-w-[600px] text-black md:text-base pb-3
[2025-01-05 10:24:04] Data.TextContent: Quick Edits is a developer utility that helps you locate the code you need to edit.
[2025-01-05 10:24:04] Data.BrowserURL: https://quick-edits-extension.vercel.app/
[2025-01-05 10:24:04] Data.CharNumber: 0
[2025-01-05 10:24:04] Data.Path: 
[2025-01-05 10:24:04] {"id":"65rorg","action":"perform_search","data":{"folder":"/Users/michael/Software/quick-edits/website","classes":"!mt-0 max-w-[600px] text-black md:text-base pb-3","textContent":"Quick Edits is a developer utility that helps you locate the code you need to edit.","browserUrl":"https://quick-edits-extension.vercel.app/"}}

[2025-01-05 10:24:04] Action: perform_search
[2025-01-05 10:24:04] Data.Folder: /Users/michael/Software/quick-edits/website
[2025-01-05 10:24:04] Data.Classes: flex flex-col justify-center space-y-4
[2025-01-05 10:24:04] Data.TextContent: Find and edit your code with ease.Quick Edits is a developer utility that helps you locate the code you need to edit.Add Chrome ExtensionGet Started
[2025-01-05 10:24:04] Data.BrowserURL: https://quick-edits-extension.vercel.app/
[2025-01-05 10:24:04] Data.CharNumber: 0
[2025-01-05 10:24:04] Data.Path: 
[2025-01-05 10:24:04] {"id":"bzvp","action":"perform_search","data":{"folder":"/Users/michael/Software/quick-edits/website","classes":"flex flex-col justify-center space-y-4","textContent":"Find and edit your code with ease.Quick Edits is a developer utility that helps you locate the code you need to edit.Add Chrome ExtensionGet Started","browserUrl":"https://quick-edits-extension.vercel.app/"}}

[2025-01-05 10:24:04] Action: perform_search
[2025-01-05 10:24:05] Data.Folder: /Users/michael/Software/quick-edits/website
[2025-01-05 10:24:05] Data.Classes: inline-flex h-10 items-center gap-2 justify-center rounded-full bg-blue-600 px-8 text-sm font-medium text-gray-50 shadow transition-colors hover:bg-blue-800/90 focus-visible:outline-none focus-visible:ring-1 focus-visible:ring-gray-950 disabled:pointer-events-none disabled:opacity-50
[2025-01-05 10:24:05] Data.TextContent: Get Started
[2025-01-05 10:24:05] Data.BrowserURL: https://quick-edits-extension.vercel.app/
[2025-01-05 10:24:05] Data.CharNumber: 0
[2025-01-05 10:24:05] Data.Path: 
[2025-01-05 10:24:05] {"id":"m35sqe","action":"perform_search","data":{"folder":"/Users/michael/Software/quick-edits/website","classes":"inline-flex h-10 items-center gap-2 justify-center rounded-full bg-blue-600 px-8 text-sm font-medium text-gray-50 shadow transition-colors hover:bg-blue-800/90 focus-visible:outline-none focus-visible:ring-1 focus-visible:ring-gray-950 disabled:pointer-events-none disabled:opacity-50","textContent":"Get Started","browserUrl":"https://quick-edits-extension.vercel.app/"}}

[2025-01-05 10:24:06] Action: perform_search
[2025-01-05 10:24:06] Data.Folder: /Users/michael/Software/quick-edits/website
[2025-01-05 10:24:06] Data.Classes: flex flex-col justify-center space-y-4
[2025-01-05 10:24:06] Data.TextContent: Find and edit your code with ease.Quick Edits is a developer utility that helps you locate the code you need to edit.Add Chrome ExtensionGet Started
[2025-01-05 10:24:06] Data.BrowserURL: https://quick-edits-extension.vercel.app/
[2025-01-05 10:24:06] Data.CharNumber: 0
[2025-01-05 10:24:06] Data.Path: 
[2025-01-05 10:24:06] {"id":"n0j1ka","action":"perform_search","data":{"folder":"/Users/michael/Software/quick-edits/website","classes":"flex flex-col justify-center space-y-4","textContent":"Find and edit your code with ease.Quick Edits is a developer utility that helps you locate the code you need to edit.Add Chrome ExtensionGet Started","browserUrl":"https://quick-edits-extension.vercel.app/"}}

[2025-01-05 10:24:07] Action: perform_search
[2025-01-05 10:24:07] Data.Folder: /Users/michael/Software/quick-edits/website
[2025-01-05 10:24:07] Data.Classes: flex flex-col gap-2 min-[400px]:flex-row flex-wrap
[2025-01-05 10:24:07] Data.TextContent: Add Chrome ExtensionGet Started
[2025-01-05 10:24:07] Data.BrowserURL: https://quick-edits-extension.vercel.app/
[2025-01-05 10:24:07] Data.CharNumber: 0
[2025-01-05 10:24:07] Data.Path: 
[2025-01-05 10:24:07] {"id":"7wype","action":"perform_search","data":{"folder":"/Users/michael/Software/quick-edits/website","classes":"flex flex-col gap-2 min-[400px]:flex-row flex-wrap","textContent":"Add Chrome ExtensionGet Started","browserUrl":"https://quick-edits-extension.vercel.app/"}}

[2025-01-05 10:24:07] Action: perform_search
[2025-01-05 10:24:07] Data.Folder: /Users/michael/Software/quick-edits/website
[2025-01-05 10:24:07] Data.Classes: inline-flex h-10 items-center gap-2 justify-center rounded-full bg-blue-600 px-8 text-sm font-medium text-gray-50 shadow transition-colors hover:bg-blue-800/90 focus-visible:outline-none focus-visible:ring-1 focus-visible:ring-gray-950 disabled:pointer-events-none disabled:opacity-50
[2025-01-05 10:24:07] Data.TextContent: Get Started
[2025-01-05 10:24:07] Data.BrowserURL: https://quick-edits-extension.vercel.app/
[2025-01-05 10:24:07] Data.CharNumber: 0
[2025-01-05 10:24:07] Data.Path: 
[2025-01-05 10:24:07] {"id":"zb5gdn","action":"perform_search","data":{"folder":"/Users/michael/Software/quick-edits/website","classes":"inline-flex h-10 items-center gap-2 justify-center rounded-full bg-blue-600 px-8 text-sm font-medium text-gray-50 shadow transition-colors hover:bg-blue-800/90 focus-visible:outline-none focus-visible:ring-1 focus-visible:ring-gray-950 disabled:pointer-events-none disabled:opacity-50","textContent":"Get Started","browserUrl":"https://quick-edits-extension.vercel.app/"}}

[2025-01-05 10:24:08] Action: perform_search
[2025-01-05 10:24:08] Data.Folder: /Users/michael/Software/quick-edits/website
[2025-01-05 10:24:08] Data.Classes: flex flex-col gap-2 min-[400px]:flex-row flex-wrap
[2025-01-05 10:24:08] Data.TextContent: Add Chrome ExtensionGet Started
[2025-01-05 10:24:08] Data.BrowserURL: https://quick-edits-extension.vercel.app/
[2025-01-05 10:24:08] Data.CharNumber: 0
[2025-01-05 10:24:08] Data.Path: 
[2025-01-05 10:24:08] {"id":"sk6w0d","action":"perform_search","data":{"folder":"/Users/michael/Software/quick-edits/website","classes":"flex flex-col gap-2 min-[400px]:flex-row flex-wrap","textContent":"Add Chrome ExtensionGet Started","browserUrl":"https://quick-edits-extension.vercel.app/"}}

[2025-01-05 10:24:08] Action: perform_search
[2025-01-05 10:24:08] Data.Folder: /Users/michael/Software/quick-edits/website
[2025-01-05 10:24:08] Data.Classes: flex flex-col justify-center space-y-4
[2025-01-05 10:24:08] Data.TextContent: Find and edit your code with ease.Quick Edits is a developer utility that helps you locate the code you need to edit.Add Chrome ExtensionGet Started
[2025-01-05 10:24:08] Data.BrowserURL: https://quick-edits-extension.vercel.app/
[2025-01-05 10:24:08] Data.CharNumber: 0
[2025-01-05 10:24:08] Data.Path: 
[2025-01-05 10:24:08] {"id":"5jt2q","action":"perform_search","data":{"folder":"/Users/michael/Software/quick-edits/website","classes":"flex flex-col justify-center space-y-4","textContent":"Find and edit your code with ease.Quick Edits is a developer utility that helps you locate the code you need to edit.Add Chrome ExtensionGet Started","browserUrl":"https://quick-edits-extension.vercel.app/"}}

[2025-01-05 10:24:08] Action: perform_search
[2025-01-05 10:24:08] Data.Folder: /Users/michael/Software/quick-edits/website
[2025-01-05 10:24:08] Data.Classes: !mt-0 max-w-[600px] text-black md:text-base pb-3
[2025-01-05 10:24:08] Data.TextContent: Quick Edits is a developer utility that helps you locate the code you need to edit.
[2025-01-05 10:24:08] Data.BrowserURL: https://quick-edits-extension.vercel.app/
[2025-01-05 10:24:08] Data.CharNumber: 0
[2025-01-05 10:24:08] Data.Path: 
[2025-01-05 10:24:08] {"id":"gqjkyd","action":"perform_search","data":{"folder":"/Users/michael/Software/quick-edits/website","classes":"!mt-0 max-w-[600px] text-black md:text-base pb-3","textContent":"Quick Edits is a developer utility that helps you locate the code you need to edit.","browserUrl":"https://quick-edits-extension.vercel.app/"}}

[2025-01-05 10:24:08] Action: perform_search
[2025-01-05 10:24:08] Data.Folder: /Users/michael/Software/quick-edits/website
[2025-01-05 10:24:08] Data.Classes: pb-5 font-heading font-semibold text-4xl tracking-tight sm:text-5xl xl:text-6xl/none text-balance
[2025-01-05 10:24:08] Data.TextContent: Find and edit your code with ease.
[2025-01-05 10:24:08] Data.BrowserURL: https://quick-edits-extension.vercel.app/
[2025-01-05 10:24:08] Data.CharNumber: 0
[2025-01-05 10:24:08] Data.Path: 
[2025-01-05 10:24:08] {"id":"plwp8s","action":"perform_search","data":{"folder":"/Users/michael/Software/quick-edits/website","classes":"pb-5 font-heading font-semibold text-4xl tracking-tight sm:text-5xl xl:text-6xl/none text-balance","textContent":"Find and edit your code with ease.","browserUrl":"https://quick-edits-extension.vercel.app/"}}

[2025-01-05 10:24:09] Action: perform_search
[2025-01-05 10:24:09] Data.Folder: /Users/michael/Software/quick-edits/website
[2025-01-05 10:24:09] Data.Classes: !mt-0 max-w-[600px] text-black md:text-base pb-3
[2025-01-05 10:24:09] Data.TextContent: Quick Edits is a developer utility that helps you locate the code you need to edit.
[2025-01-05 10:24:09] Data.BrowserURL: https://quick-edits-extension.vercel.app/
[2025-01-05 10:24:09] Data.CharNumber: 0
[2025-01-05 10:24:09] Data.Path: 
[2025-01-05 10:24:09] {"id":"0r3ipt","action":"perform_search","data":{"folder":"/Users/michael/Software/quick-edits/website","classes":"!mt-0 max-w-[600px] text-black md:text-base pb-3","textContent":"Quick Edits is a developer utility that helps you locate the code you need to edit.","browserUrl":"https://quick-edits-extension.vercel.app/"}}

